测速日志 2026-04-25 19:21:50
速度阈值: 150KB/s
运行次数: 11
HTTPS验证: False

[2026-04-25 19:21:54] ✅ 通过阈值 HTTP测速: http://38.75.136.137:98/gslb/dsdqpub/cctv16hd.m3u8?auth=testpub
   速度: 204.10KB/s | 数据量: 0.2KB | 总耗时: 0.21s | 阈值: 150KB/s
[2026-04-25 19:21:55] ✅ 通过阈值 HTTP测速: http://ali-xwl.cztv.com/live/channel011080Plxw.m3u8
   速度: 345.70KB/s | 数据量: 0.3KB | 总耗时: 1.49s | 阈值: 150KB/s
[2026-04-25 19:21:55] ✅ 通过阈值 HTTP测速: http://ali-xwl.cztv.com/live/channel01720Plxw.m3u8
   速度: 474.61KB/s | 数据量: 0.5KB | 总耗时: 1.49s | 阈值: 150KB/s
[2026-04-25 19:21:56] ✅ 通过阈值 HTTP测速: http://hlsal-ldvt.qing.mgtv.com/nn_live/nn_x64/Y2RuZXhfaWQ9YWxfaGxzX2xkdnQmZT02OTE0NjA0JnY9MSZpZD1ITldTWkdTVCZzPTcwN2RiYTc2YzJjNmJmMTQ4MmUyZGYzOWU2NWM3YWFi/HNWSZGST.m3u8
   速度: 225.59KB/s | 数据量: 0.2KB | 总耗时: 2.09s | 阈值: 150KB/s
[2026-04-25 19:21:59] ✅ HTTPS测速成功: https://hlsbkmgsplive.miguvideo.com/migu/kailu/dongnanws/51/20230724/01.m3u8?&HlsSubType=&encrypt=
   速度: 142.58KB/s | 数据量: 0.1KB | 总耗时: 0.73s | 证书: 有效
[2026-04-25 19:21:59] ✅ HTTPS测速成功: https://hlsbkmgsplive.miguvideo.com/migu/kailu/btws/51/20250804/01.m3u8?&HlsSubType=&encrypt=
   速度: 142.58KB/s | 数据量: 0.1KB | 总耗时: 0.75s | 证书: 有效
[2026-04-25 19:21:59] ✅ HTTPS测速成功: https://hlsbkmgsplive.miguvideo.com/migu/kailu/lnwshd265/54/20200407/01.m3u8?&HlsSubType=&encrypt=
   速度: 142.58KB/s | 数据量: 0.1KB | 总耗时: 0.76s | 证书: 有效
[2026-04-25 19:21:59] ✅ HTTPS测速成功: https://hlsbkmgsplive.miguvideo.com/wd_r4/yg/shandongwshd/3000/01.m3u8?&HlsSubType=&encrypt=
   速度: 142.58KB/s | 数据量: 0.1KB | 总耗时: 0.79s | 证书: 有效
[2026-04-25 19:21:59] ✅ HTTPS测速成功: https://hlsbkmgsplive.miguvideo.com/wd-shandonghd-1200/01.m3u8?&HlsSubType=&encrypt=
   速度: 142.58KB/s | 数据量: 0.1KB | 总耗时: 0.79s | 证书: 有效
[2026-04-25 19:21:59] ✅ HTTPS测速成功: https://hlsbkmgsplive.miguvideo.com/envivo_x/2018/SD/chongqing/1000/01.m3u8?&HlsSubType=&encrypt=
   速度: 142.58KB/s | 数据量: 0.1KB | 总耗时: 0.81s | 证书: 有效
[2026-04-25 19:21:59] ✅ HTTPS测速成功: https://hlsbkmgsplive.miguvideo.com/wd-hunanhd-1200/01.m3u8?&HlsSubType=&encrypt=
   速度: 142.58KB/s | 数据量: 0.1KB | 总耗时: 0.83s | 证书: 有效
[2026-04-25 19:21:59] ✅ HTTPS测速成功: https://hlsbkmgsplive.miguvideo.com/wd-hunanhd-2500/01.m3u8?&HlsSubType=&encrypt=
   速度: 142.58KB/s | 数据量: 0.1KB | 总耗时: 0.85s | 证书: 有效
[2026-04-25 19:21:59] ✅ HTTPS测速成功: https://hlsbkmgsplive.miguvideo.com/envivo_v/2018/SD/jilin/1000/01.m3u8?&HlsSubType=&encrypt=
   速度: 142.58KB/s | 数据量: 0.1KB | 总耗时: 0.83s | 证书: 有效
[2026-04-25 19:21:59] ✅ HTTPS测速成功: https://hlsbkmgsplive.miguvideo.com/migu/kailu/jswshd265/55/20200407/01.m3u8?&HlsSubType=&encrypt=
   速度: 142.58KB/s | 数据量: 0.1KB | 总耗时: 0.85s | 证书: 有效
[2026-04-25 19:21:59] ✅ 通过阈值 HTTP测速: http://38.75.136.137:98/gslb/dsdqpub/gdgg.m3u8?auth=testpub
   速度: 191.41KB/s | 数据量: 0.2KB | 总耗时: 0.23s | 阈值: 150KB/s
[2026-04-25 19:21:59] ✅ 通过阈值 HTTP测速: http://38.75.136.137:98/gslb/dsdqpub/gdxw.m3u8?auth=testpub
   速度: 184.57KB/s | 数据量: 0.2KB | 总耗时: 0.21s | 阈值: 150KB/s
[2026-04-25 19:22:00] ✅ HTTPS测速成功: https://hlsbkmgsplive.miguvideo.com/wd_r1/2018/nfmedia/nfys/1000/01.m3u8?&HlsSubType=&encrypt=
   速度: 142.58KB/s | 数据量: 0.1KB | 总耗时: 0.70s | 证书: 有效
[2026-04-25 19:22:01] ✅ HTTPS测速成功: https://liveplay-srs.voc.com.cn/hls/tv/161_8d2e76.m3u8
   速度: 142.58KB/s | 数据量: 0.1KB | 总耗时: 1.06s | 证书: 有效
[2026-04-25 19:22:01] ✅ HTTPS测速成功: https://liveplay-srs.voc.com.cn/hls/tv/187_2abf84.m3u8
   速度: 553.71KB/s | 数据量: 0.6KB | 总耗时: 1.14s | 证书: 有效
[2026-04-25 19:22:01] ✅ HTTPS测速成功: https://liveplay-srs.voc.com.cn/hls/tv/134_d590ee.m3u8
   速度: 142.58KB/s | 数据量: 0.1KB | 总耗时: 1.14s | 证书: 有效
[2026-04-25 19:22:01] ✅ HTTPS测速成功: https://liveplay-srs.voc.com.cn/hls/tv/146_f067fe.m3u8
   速度: 375.98KB/s | 数据量: 0.4KB | 总耗时: 1.20s | 证书: 有效
[2026-04-25 19:22:02] ✅ HTTPS测速成功: https://liveplay-srs.voc.com.cn/hls/tv/203_10cdf5.m3u8
   速度: 142.58KB/s | 数据量: 0.1KB | 总耗时: 1.17s | 证书: 有效
[2026-04-25 19:22:02] ✅ HTTPS测速成功: https://liveplay-srs.voc.com.cn/hls/tv/148_feda2f.m3u8
   速度: 310.55KB/s | 数据量: 0.3KB | 总耗时: 1.16s | 证书: 有效
[2026-04-25 19:22:02] ✅ HTTPS测速成功: https://liveplay-srs.voc.com.cn/hls/tv/168_ce2a0c.m3u8
   速度: 548.83KB/s | 数据量: 0.5KB | 总耗时: 1.16s | 证书: 有效
[2026-04-25 19:22:02] ✅ HTTPS测速成功: https://liveplay-srs.voc.com.cn/hls/tv/174_6ab9f8.m3u8
   速度: 579.10KB/s | 数据量: 0.6KB | 总耗时: 1.23s | 证书: 有效
[2026-04-25 19:22:02] ✅ HTTPS测速成功: https://liveplay-srs.voc.com.cn/hls/tv/183_554704.m3u8
   速度: 495.12KB/s | 数据量: 0.5KB | 总耗时: 1.25s | 证书: 有效
[2026-04-25 19:22:02] ✅ HTTPS测速成功: https://liveplay-srs.voc.com.cn/hls/tv/170_49c556.m3u8
   速度: 525.39KB/s | 数据量: 0.5KB | 总耗时: 1.23s | 证书: 有效
[2026-04-25 19:22:04] ✅ HTTPS测速成功: https://liveplay-srs.voc.com.cn/hls/tv/7_7c833e.m3u8
   速度: 425.78KB/s | 数据量: 0.4KB | 总耗时: 1.08s | 证书: 有效
[2026-04-25 19:22:04] ✅ HTTPS测速成功: https://liveplay-srs.voc.com.cn/hls/tv/167_0d6151.m3u8
   速度: 142.58KB/s | 数据量: 0.1KB | 总耗时: 1.09s | 证书: 有效
[2026-04-25 19:22:04] ✅ HTTPS测速成功: https://liveplay-srs.voc.com.cn/hls/tv/40_1d0ed0.m3u8
   速度: 485.35KB/s | 数据量: 0.5KB | 总耗时: 1.09s | 证书: 有效
[2026-04-25 19:22:04] ✅ HTTPS测速成功: https://liveplay-srs.voc.com.cn/hls/tv/26_370917.m3u8
   速度: 128.91KB/s | 数据量: 0.1KB | 总耗时: 1.13s | 证书: 有效
[2026-04-25 19:22:04] ✅ HTTPS测速成功: https://liveplay-srs.voc.com.cn/hls/tv/163_2c7011.m3u8
   速度: 443.36KB/s | 数据量: 0.4KB | 总耗时: 1.13s | 证书: 有效
[2026-04-25 19:22:04] ✅ HTTPS测速成功: https://liveplay-srs.voc.com.cn/hls/tv/20_68acda.m3u8
   速度: 538.09KB/s | 数据量: 0.5KB | 总耗时: 1.15s | 证书: 有效
[2026-04-25 19:22:04] ✅ HTTPS测速成功: https://liveplay-srs.voc.com.cn/hls/tv/171_daca67.m3u8
   速度: 142.58KB/s | 数据量: 0.1KB | 总耗时: 1.17s | 证书: 有效
[2026-04-25 19:22:04] ✅ HTTPS测速成功: https://liveplay-srs.voc.com.cn/hls/tv/27_e9e1e5.m3u8
   速度: 502.93KB/s | 数据量: 0.5KB | 总耗时: 1.13s | 证书: 有效
[2026-04-25 19:22:04] ✅ HTTPS测速成功: https://liveplay-srs.voc.com.cn/hls/tv/34_5156ed.m3u8
   速度: 514.65KB/s | 数据量: 0.5KB | 总耗时: 1.20s | 证书: 有效
[2026-04-25 19:22:04] ✅ HTTPS测速成功: https://liveplay-srs.voc.com.cn/hls/tv/131_acfb72.m3u8
   速度: 548.83KB/s | 数据量: 0.5KB | 总耗时: 1.17s | 证书: 有效
[2026-04-25 19:22:05] ✅ 通过阈值 HTTP测速: http://ali-xwl.cztv.com/live/channel081080Plxw.m3u8
   速度: 345.70KB/s | 数据量: 0.3KB | 总耗时: 1.42s | 阈值: 150KB/s
[2026-04-25 19:22:05] ✅ 通过阈值 HTTP测速: http://ali-xwl.cztv.com/live/channel08720Plxw.m3u8
   速度: 474.61KB/s | 数据量: 0.5KB | 总耗时: 0.86s | 阈值: 150KB/s
[2026-04-25 19:22:06] ✅ HTTPS测速成功: https://liveplay-srs.voc.com.cn/hls/tv/169_b4d7a4.m3u8
   速度: 416.02KB/s | 数据量: 0.4KB | 总耗时: 1.19s | 证书: 有效
[2026-04-25 19:22:06] ✅ HTTPS测速成功: https://liveplay-srs.voc.com.cn/hls/tv/18_3aa230.m3u8
   速度: 526.37KB/s | 数据量: 0.5KB | 总耗时: 1.21s | 证书: 有效
[2026-04-25 19:22:06] ✅ HTTPS测速成功: https://liveplay-srs.voc.com.cn/hls/tv/184_e3af1a.m3u8
   速度: 579.10KB/s | 数据量: 0.6KB | 总耗时: 1.18s | 证书: 有效
[2026-04-25 19:22:06] ✅ HTTPS测速成功: https://liveplay-srs.voc.com.cn/hls/tv/149_40cf24.m3u8
   速度: 142.58KB/s | 数据量: 0.1KB | 总耗时: 1.23s | 证书: 有效
[2026-04-25 19:22:06] ✅ HTTPS测速成功: https://liveplay-srs.voc.com.cn/hls/tv/180_60f888.m3u8
   速度: 142.58KB/s | 数据量: 0.1KB | 总耗时: 1.23s | 证书: 有效
[2026-04-25 19:22:06] ✅ HTTPS测速成功: https://liveplay-srs.voc.com.cn/hls/tv/204_16cb0f.m3u8
   速度: 505.86KB/s | 数据量: 0.5KB | 总耗时: 1.18s | 证书: 有效
[2026-04-25 19:22:06] ✅ HTTPS测速成功: https://liveplay-srs.voc.com.cn/hls/tv/143_70175b.m3u8
   速度: 525.39KB/s | 数据量: 0.5KB | 总耗时: 1.16s | 证书: 有效
[2026-04-25 19:22:06] ✅ HTTPS测速成功: https://liveplay-srs.voc.com.cn/hls/tv/144_4efb38.m3u8
   速度: 462.89KB/s | 数据量: 0.5KB | 总耗时: 1.20s | 证书: 有效
[2026-04-25 19:22:06] ✅ 通过阈值 HTTP测速: http://ali-xwl.cztv.com/live/channel021080Plxw.m3u8
   速度: 345.70KB/s | 数据量: 0.3KB | 总耗时: 1.29s | 阈值: 150KB/s
[2026-04-25 19:22:07] ✅ 通过阈值 HTTP测速: http://ali-xwl.cztv.com/live/channel02720Plxw.m3u8
   速度: 474.61KB/s | 数据量: 0.5KB | 总耗时: 1.16s | 阈值: 150KB/s
[2026-04-25 19:22:07] ✅ 通过阈值 HTTP测速: http://ali-xwl.cztv.com/live/channel06720Plxw.m3u8
   速度: 474.61KB/s | 数据量: 0.5KB | 总耗时: 0.82s | 阈值: 150KB/s
[2026-04-25 19:22:07] ✅ 通过阈值 HTTP测速: http://ali-xwl.cztv.com/live/channel03720Plxw.m3u8
   速度: 474.61KB/s | 数据量: 0.5KB | 总耗时: 0.86s | 阈值: 150KB/s
[2026-04-25 19:22:07] ✅ 通过阈值 HTTP测速: http://ali-xwl.cztv.com/live/channel061080Plxw.m3u8
   速度: 345.70KB/s | 数据量: 0.3KB | 总耗时: 0.89s | 阈值: 150KB/s
[2026-04-25 19:22:07] ✅ 通过阈值 HTTP测速: http://stream.hrbtv.net/xwzh/sd/live.m3u8
   速度: 355.47KB/s | 数据量: 0.4KB | 总耗时: 0.71s | 阈值: 150KB/s
[2026-04-25 19:22:07] ✅ 通过阈值 HTTP测速: http://ali-xwl.cztv.com/live/channel031080Plxw.m3u8
   速度: 345.70KB/s | 数据量: 0.3KB | 总耗时: 1.59s | 阈值: 150KB/s
[2026-04-25 19:22:07] ✅ 通过阈值 HTTP测速: http://ali-xwl.cztv.com/live/channel071080Plxw.m3u8
   速度: 345.70KB/s | 数据量: 0.3KB | 总耗时: 1.53s | 阈值: 150KB/s
[2026-04-25 19:22:07] ✅ 通过阈值 HTTP测速: http://ali-xwl.cztv.com/live/channel10720Plxw.m3u8
   速度: 474.61KB/s | 数据量: 0.5KB | 总耗时: 0.89s | 阈值: 150KB/s
[2026-04-25 19:22:07] ✅ 通过阈值 HTTP测速: http://ali-xwl.cztv.com/live/channel041080Plxw.m3u8
   速度: 345.70KB/s | 数据量: 0.3KB | 总耗时: 1.41s | 阈值: 150KB/s
[2026-04-25 19:22:07] ✅ 通过阈值 HTTP测速: http://ali-xwl.cztv.com/live/channel04720Plxw.m3u8
   速度: 474.61KB/s | 数据量: 0.5KB | 总耗时: 1.45s | 阈值: 150KB/s
[2026-04-25 19:22:08] ✅ 通过阈值 HTTP测速: http://ali-xwl.cztv.com/live/channel07720Plxw.m3u8
   速度: 474.61KB/s | 数据量: 0.5KB | 总耗时: 1.51s | 阈值: 150KB/s
[2026-04-25 19:22:08] ✅ 通过阈值 HTTP测速: http://ali-xwl.cztv.com/live/channel101080Plxw.m3u8
   速度: 345.70KB/s | 数据量: 0.3KB | 总耗时: 1.08s | 阈值: 150KB/s
[2026-04-25 19:22:08] ✅ 通过阈值 HTTP测速: http://stream.hrbtv.net/ylpd/sd/live.m3u8
   速度: 370.12KB/s | 数据量: 0.4KB | 总耗时: 0.65s | 阈值: 150KB/s
[2026-04-25 19:22:08] ✅ 通过阈值 HTTP测速: http://stream.hrbtv.net/shpd/sd/live.m3u8
   速度: 355.47KB/s | 数据量: 0.4KB | 总耗时: 0.67s | 阈值: 150KB/s
[2026-04-25 19:22:08] ✅ 通过阈值 HTTP测速: http://stream.hrbtv.net/yspd/sd/live.m3u8
   速度: 355.47KB/s | 数据量: 0.4KB | 总耗时: 0.62s | 阈值: 150KB/s
[2026-04-25 19:22:08] ✅ 通过阈值 HTTP测速: http://tvpull.dxhmt.cn:9081/tv/10728-1.m3u8
   速度: 1972.66KB/s | 数据量: 2.0KB | 总耗时: 0.24s | 阈值: 150KB/s
[2026-04-25 19:22:08] ✅ 通过阈值 HTTP测速: http://tvpull.dxhmt.cn:9081/tv/10200-2.m3u8
   速度: 1973.63KB/s | 数据量: 2.0KB | 总耗时: 0.10s | 阈值: 150KB/s
[2026-04-25 19:22:08] ✅ 通过阈值 HTTP测速: http://tvpull.dxhmt.cn:9081/tv/19001-1.m3u8
   速度: 1973.63KB/s | 数据量: 2.0KB | 总耗时: 0.64s | 阈值: 150KB/s
[2026-04-25 19:22:08] ✅ 通过阈值 HTTP测速: http://tvpull.dxhmt.cn:9081/tv/10225-1.m3u8
   速度: 1973.63KB/s | 数据量: 2.0KB | 总耗时: 0.61s | 阈值: 150KB/s
[2026-04-25 19:22:08] ✅ 通过阈值 HTTP测速: http://tvpull.dxhmt.cn:9081/tv/10329-1.m3u8
   速度: 1972.66KB/s | 数据量: 2.0KB | 总耗时: 0.24s | 阈值: 150KB/s
[2026-04-25 19:22:08] ✅ 通过阈值 HTTP测速: http://tvpull.dxhmt.cn:9081/tv/10527-1.m3u8
   速度: 1973.63KB/s | 数据量: 2.0KB | 总耗时: 0.02s | 阈值: 150KB/s
[2026-04-25 19:22:08] ✅ 通过阈值 HTTP测速: http://tvpull.dxhmt.cn:9081/tv/10200-3.m3u8
   速度: 1972.66KB/s | 数据量: 2.0KB | 总耗时: 0.02s | 阈值: 150KB/s
[2026-04-25 19:22:08] ✅ 通过阈值 HTTP测速: http://tvpull.dxhmt.cn:9081/tv/11523-1.m3u8
   速度: 1972.66KB/s | 数据量: 2.0KB | 总耗时: 0.02s | 阈值: 150KB/s
[2026-04-25 19:22:08] ✅ 通过阈值 HTTP测速: http://tvpull.dxhmt.cn:9081/tv/10523-1.m3u8
   速度: 1972.66KB/s | 数据量: 2.0KB | 总耗时: 0.02s | 阈值: 150KB/s
[2026-04-25 19:22:08] ✅ 通过阈值 HTTP测速: http://tvpull.dxhmt.cn:9081/tv/10622-1.m3u8
   速度: 1973.63KB/s | 数据量: 2.0KB | 总耗时: 0.02s | 阈值: 150KB/s
[2026-04-25 19:22:08] ✅ 通过阈值 HTTP测速: http://tvpull.dxhmt.cn:9081/tv/10721-1.m3u8
   速度: 1973.63KB/s | 数据量: 2.0KB | 总耗时: 0.02s | 阈值: 150KB/s
[2026-04-25 19:22:08] ✅ 通过阈值 HTTP测速: http://tvpull.dxhmt.cn:9081/tv/11282-1.m3u8
   速度: 1972.66KB/s | 数据量: 2.0KB | 总耗时: 0.02s | 阈值: 150KB/s
[2026-04-25 19:22:08] ✅ 通过阈值 HTTP测速: http://tvpull.dxhmt.cn:9081/tv/11527-1.m3u8
   速度: 1973.63KB/s | 数据量: 2.0KB | 总耗时: 0.02s | 阈值: 150KB/s
[2026-04-25 19:22:08] ✅ 通过阈值 HTTP测速: http://tvpull.dxhmt.cn:9081/tv/11522-1.m3u8
   速度: 1972.66KB/s | 数据量: 2.0KB | 总耗时: 0.02s | 阈值: 150KB/s
[2026-04-25 19:22:08] ✅ 通过阈值 HTTP测速: http://tvpull.dxhmt.cn:9081/tv/10481-1.m3u8
   速度: 1973.63KB/s | 数据量: 2.0KB | 总耗时: 0.02s | 阈值: 150KB/s
[2026-04-25 19:22:08] ✅ 通过阈值 HTTP测速: http://tvpull.dxhmt.cn:9081/tv/10526-1.m3u8
   速度: 1972.66KB/s | 数据量: 2.0KB | 总耗时: 0.02s | 阈值: 150KB/s
[2026-04-25 19:22:08] ✅ 通过阈值 HTTP测速: http://tvpull.dxhmt.cn:9081/tv/10526-2.m3u8
   速度: 1972.66KB/s | 数据量: 2.0KB | 总耗时: 0.02s | 阈值: 150KB/s
[2026-04-25 19:22:08] ✅ 通过阈值 HTTP测速: http://tvpull.dxhmt.cn:9081/tv/10922-1.m3u8
   速度: 1972.66KB/s | 数据量: 2.0KB | 总耗时: 0.02s | 阈值: 150KB/s
[2026-04-25 19:22:08] ✅ 通过阈值 HTTP测速: http://tvpull.dxhmt.cn:9081/tv/11624-1.m3u8
   速度: 1971.68KB/s | 数据量: 2.0KB | 总耗时: 0.02s | 阈值: 150KB/s
[2026-04-25 19:22:08] ✅ 通过阈值 HTTP测速: http://tvpull.dxhmt.cn:9081/tv/10222-1.m3u8
   速度: 1972.66KB/s | 数据量: 2.0KB | 总耗时: 0.02s | 阈值: 150KB/s
[2026-04-25 19:22:08] ✅ 通过阈值 HTTP测速: http://tvpull.dxhmt.cn:9081/tv/11330-1.m3u8
   速度: 1972.66KB/s | 数据量: 2.0KB | 总耗时: 0.02s | 阈值: 150KB/s
[2026-04-25 19:22:08] ✅ 通过阈值 HTTP测速: http://tvpull.dxhmt.cn:9081/tv/11426-1.m3u8
   速度: 1971.68KB/s | 数据量: 2.0KB | 总耗时: 0.02s | 阈值: 150KB/s
[2026-04-25 19:22:08] ✅ 通过阈值 HTTP测速: http://tvpull.dxhmt.cn:9081/tv/11723-1.m3u8
   速度: 1971.68KB/s | 数据量: 2.0KB | 总耗时: 0.02s | 阈值: 150KB/s
[2026-04-25 19:22:08] ✅ 通过阈值 HTTP测速: http://tvpull.dxhmt.cn:9081/tv/10381-1.m3u8
   速度: 1972.66KB/s | 数据量: 2.0KB | 总耗时: 0.02s | 阈值: 150KB/s
[2026-04-25 19:22:08] ✅ 通过阈值 HTTP测速: http://tvpull.dxhmt.cn:9081/tv/10106-1.m3u8
   速度: 1972.66KB/s | 数据量: 2.0KB | 总耗时: 0.02s | 阈值: 150KB/s
[2026-04-25 19:22:08] ✅ 通过阈值 HTTP测速: http://tvpull.dxhmt.cn:9081/tv/10882-1.m3u8
   速度: 1972.66KB/s | 数据量: 2.0KB | 总耗时: 0.02s | 阈值: 150KB/s
[2026-04-25 19:22:08] ✅ 通过阈值 HTTP测速: http://tvpull.dxhmt.cn:9081/tv/11681-1.m3u8
   速度: 1971.68KB/s | 数据量: 2.0KB | 总耗时: 0.02s | 阈值: 150KB/s
[2026-04-25 19:22:08] ✅ 通过阈值 HTTP测速: http://tvpull.dxhmt.cn:9081/tv/10326-1.m3u8
   速度: 1972.66KB/s | 数据量: 2.0KB | 总耗时: 0.02s | 阈值: 150KB/s
[2026-04-25 19:22:08] ✅ 通过阈值 HTTP测速: http://tvpull.dxhmt.cn:9081/tv/10323-1.m3u8
   速度: 1972.66KB/s | 数据量: 2.0KB | 总耗时: 0.02s | 阈值: 150KB/s
[2026-04-25 19:22:08] ✅ 通过阈值 HTTP测速: http://tvpull.dxhmt.cn:9081/tv/11521-1.m3u8
   速度: 1972.66KB/s | 数据量: 2.0KB | 总耗时: 0.02s | 阈值: 150KB/s
[2026-04-25 19:22:08] ✅ 通过阈值 HTTP测速: http://tvpull.dxhmt.cn:9081/tv/11526-1.m3u8
   速度: 1973.63KB/s | 数据量: 2.0KB | 总耗时: 0.02s | 阈值: 150KB/s
[2026-04-25 19:22:08] ✅ 通过阈值 HTTP测速: http://tvpull.dxhmt.cn:9081/tv/11722-1.m3u8
   速度: 1971.68KB/s | 数据量: 2.0KB | 总耗时: 0.02s | 阈值: 150KB/s
[2026-04-25 19:22:08] ✅ 通过阈值 HTTP测速: http://tvpull.dxhmt.cn:9081/tv/10182-1.m3u8
   速度: 1973.63KB/s | 数据量: 2.0KB | 总耗时: 0.02s | 阈值: 150KB/s
[2026-04-25 19:22:08] ✅ 通过阈值 HTTP测速: http://tvpull.dxhmt.cn:9081/tv/10825-1.m3u8
   速度: 1972.66KB/s | 数据量: 2.0KB | 总耗时: 0.02s | 阈值: 150KB/s
[2026-04-25 19:22:08] ✅ 通过阈值 HTTP测速: http://tvpull.dxhmt.cn:9081/tv/11003-1.m3u8
   速度: 1972.66KB/s | 数据量: 2.0KB | 总耗时: 0.02s | 阈值: 150KB/s
[2026-04-25 19:22:08] ✅ 通过阈值 HTTP测速: http://tvpull.dxhmt.cn:9081/tv/10727-1.m3u8
   速度: 1972.66KB/s | 数据量: 2.0KB | 总耗时: 0.02s | 阈值: 150KB/s
[2026-04-25 19:22:08] ✅ 通过阈值 HTTP测速: http://tvpull.dxhmt.cn:9081/tv/10581-1.m3u8
   速度: 1971.68KB/s | 数据量: 2.0KB | 总耗时: 0.02s | 阈值: 150KB/s
[2026-04-25 19:22:08] ✅ 通过阈值 HTTP测速: http://tvpull.dxhmt.cn:9081/tv/11024-1.m3u8
   速度: 1972.66KB/s | 数据量: 2.0KB | 总耗时: 0.02s | 阈值: 150KB/s
[2026-04-25 19:22:08] ✅ 通过阈值 HTTP测速: http://tvpull.dxhmt.cn:9081/tv/11327-1.m3u8
   速度: 1972.66KB/s | 数据量: 2.0KB | 总耗时: 0.02s | 阈值: 150KB/s
[2026-04-25 19:22:08] ✅ 通过阈值 HTTP测速: http://tvpull.dxhmt.cn:9081/tv/11381-1.m3u8
   速度: 1971.68KB/s | 数据量: 2.0KB | 总耗时: 0.02s | 阈值: 150KB/s
[2026-04-25 19:22:08] ✅ 通过阈值 HTTP测速: http://tvpull.dxhmt.cn:9081/tv/11324-1.m3u8
   速度: 1972.66KB/s | 数据量: 2.0KB | 总耗时: 0.02s | 阈值: 150KB/s
[2026-04-25 19:22:08] ✅ 通过阈值 HTTP测速: http://tvpull.dxhmt.cn:9081/tv/10883-1.m3u8
   速度: 1973.63KB/s | 数据量: 2.0KB | 总耗时: 0.02s | 阈值: 150KB/s
[2026-04-25 19:22:08] ✅ 通过阈值 HTTP测速: http://tvpull.dxhmt.cn:9081/tv/10621-1.m3u8
   速度: 1973.63KB/s | 数据量: 2.0KB | 总耗时: 0.02s | 阈值: 150KB/s
[2026-04-25 19:22:08] ✅ 通过阈值 HTTP测速: http://tvpull.dxhmt.cn:9081/tv/10425-1.m3u8
   速度: 1973.63KB/s | 数据量: 2.0KB | 总耗时: 0.02s | 阈值: 150KB/s
[2026-04-25 19:22:08] ✅ 通过阈值 HTTP测速: http://tvpull.dxhmt.cn:9081/tv/11121-1.m3u8
   速度: 1971.68KB/s | 数据量: 2.0KB | 总耗时: 0.02s | 阈值: 150KB/s
[2026-04-25 19:22:08] ✅ 通过阈值 HTTP测速: http://tvpull.dxhmt.cn:9081/tv/11221-1.m3u8
   速度: 1973.63KB/s | 数据量: 2.0KB | 总耗时: 0.02s | 阈值: 150KB/s
[2026-04-25 19:22:08] ✅ 通过阈值 HTTP测速: http://tvpull.dxhmt.cn:9081/tv/10823-1.m3u8
   速度: 1973.63KB/s | 数据量: 2.0KB | 总耗时: 0.02s | 阈值: 150KB/s
[2026-04-25 19:22:08] ✅ 通过阈值 HTTP测速: http://tvpull.dxhmt.cn:9081/tv/10184-1.m3u8
   速度: 1973.63KB/s | 数据量: 2.0KB | 总耗时: 0.02s | 阈值: 150KB/s
[2026-04-25 19:22:08] ✅ 通过阈值 HTTP测速: http://tvpull.dxhmt.cn:9081/tv/10782-1.m3u8
   速度: 1972.66KB/s | 数据量: 2.0KB | 总耗时: 0.02s | 阈值: 150KB/s
[2026-04-25 19:22:08] ✅ 通过阈值 HTTP测速: http://tvpull.dxhmt.cn:9081/tv/11481-1.m3u8
   速度: 1972.66KB/s | 数据量: 2.0KB | 总耗时: 0.02s | 阈值: 150KB/s
[2026-04-25 19:22:08] ✅ 通过阈值 HTTP测速: http://tvpull.dxhmt.cn:9081/tv/11081-1.m3u8
   速度: 1972.66KB/s | 数据量: 2.0KB | 总耗时: 0.02s | 阈值: 150KB/s
[2026-04-25 19:22:08] ✅ 通过阈值 HTTP测速: http://tvpull.dxhmt.cn:9081/tv/10221-1.m3u8
   速度: 1973.63KB/s | 数据量: 2.0KB | 总耗时: 0.02s | 阈值: 150KB/s
[2026-04-25 19:22:08] ✅ 通过阈值 HTTP测速: http://tvpull.dxhmt.cn:9081/tv/11122-1.m3u8
   速度: 1973.63KB/s | 数据量: 2.0KB | 总耗时: 0.02s | 阈值: 150KB/s
[2026-04-25 19:22:08] ✅ 通过阈值 HTTP测速: http://tvpull.dxhmt.cn:9081/tv/10421-1.m3u8
   速度: 1972.66KB/s | 数据量: 2.0KB | 总耗时: 0.02s | 阈值: 150KB/s
[2026-04-25 19:22:08] ✅ 通过阈值 HTTP测速: http://tvpull.dxhmt.cn:9081/tv/10183-2.m3u8
   速度: 1972.66KB/s | 数据量: 2.0KB | 总耗时: 0.02s | 阈值: 150KB/s
[2026-04-25 19:22:08] ✅ 通过阈值 HTTP测速: http://173.208.223.226:82/live/cctv16md.m3u8?jsbt=1772069348&jsbk=71ccb68cbde431d790236c8c40a056e3
   速度: 204.10KB/s | 数据量: 0.2KB | 总耗时: 0.08s | 阈值: 150KB/s
[2026-04-25 19:22:09] ✅ HTTPS测速成功: https://stream.hrbtv.net/shpd/sd/live.m3u8
   速度: 355.47KB/s | 数据量: 0.4KB | 总耗时: 1.12s | 证书: 有效
[2026-04-25 19:22:09] ✅ HTTPS测速成功: https://hlsbkmgsplive.miguvideo.com/migu/kailu/haixiaws/51/20230724/01.m3u8?&HlsSubType=&encrypt=
   速度: 142.58KB/s | 数据量: 0.1KB | 总耗时: 0.70s | 证书: 有效
[2026-04-25 19:22:09] RTMP检测异常: rtmp://rtmp.tv.stream3.hndt.com/tv/647f9277018410008cf925e200000000?wsSecret=9a23316ee66e918684e097f&wsSecret=04f58f8454b608926fe5f9aa7151cad4&wsTime=1777125569 | [Errno 2] No such file or directory: 'ffmpeg'
[2026-04-25 19:22:09] ✅ HTTPS测速成功: https://stream.hrbtv.net/xwzh/sd/live.m3u8
   速度: 355.47KB/s | 数据量: 0.4KB | 总耗时: 1.19s | 证书: 有效
[2026-04-25 19:22:09] ✅ 通过阈值 HTTP测速: http://113.241.133.180:85/tsfile/live/0001_1.m3u8?key=txiptv&playlive=1&authid=0
   速度: 397.46KB/s | 数据量: 0.4KB | 总耗时: 0.53s | 阈值: 150KB/s
[2026-04-25 19:22:09] ✅ 通过阈值 HTTP测速: http://113.241.133.180:85/tsfile/live/0003_1.m3u8?key=txiptv&playlive=1&authid=0
   速度: 408.20KB/s | 数据量: 0.4KB | 总耗时: 0.53s | 阈值: 150KB/s
[2026-04-25 19:22:09] ✅ 通过阈值 HTTP测速: http://hlsal-ldvt.qing.mgtv.com/nn_live/nn_x64/dWlwPTEyNy4wLjAuMSZ1aWQ9cWluZy1jbXMmbm5fdGltZXpvbmU9OCZjZG5leF9pZD1hbF9obHNfbGR2dCZ1dWlkPTliODY4NmU5ZTM2YzYwMmMmZT02OTE0NjA0JnY9MSZpZD1ITldTWkdTVCZzPTcwN2RiYTc2YzJjNmJmMTQ4MmUyZGYzOWU2NWM3YWFi/HNWSZGST.m3u8
   速度: 225.59KB/s | 数据量: 0.2KB | 总耗时: 0.97s | 阈值: 150KB/s
[2026-04-25 19:22:09] ✅ HTTPS测速成功: https://stream.hrbtv.net/zxpd/sd/live.m3u8
   速度: 370.12KB/s | 数据量: 0.4KB | 总耗时: 1.22s | 证书: 有效
[2026-04-25 19:22:09] ✅ HTTPS测速成功: https://stream.hrbtv.net/yspd/sd/live.m3u8
   速度: 355.47KB/s | 数据量: 0.4KB | 总耗时: 1.11s | 证书: 有效
[2026-04-25 19:22:09] ✅ 通过阈值 HTTP测速: http://107.150.60.122/live/cctv5hd.m3u8
   速度: 197.27KB/s | 数据量: 0.2KB | 总耗时: 0.23s | 阈值: 150KB/s
[2026-04-25 19:22:10] ✅ 通过阈值 HTTP测速: http://38.75.136.137:98/gslb/dsdqbv/cctv6hd.m3u8?auth=test20251009
   速度: 195.31KB/s | 数据量: 0.2KB | 总耗时: 0.29s | 阈值: 150KB/s
[2026-04-25 19:22:10] ✅ 通过阈值 HTTP测速: http://107.150.60.122/live/cctv11hd.m3u8
   速度: 204.10KB/s | 数据量: 0.2KB | 总耗时: 0.25s | 阈值: 150KB/s
[2026-04-25 19:22:10] ✅ 通过阈值 HTTP测速: http://63.141.230.178:82/gslb/zbdq5.m3u8?id=cctv12hd
   速度: 198.24KB/s | 数据量: 0.2KB | 总耗时: 0.25s | 阈值: 150KB/s
[2026-04-25 19:22:10] ✅ 通过阈值 HTTP测速: http://38.75.136.137:98/gslb/dsdqbv/cctv12hd.m3u8?auth=test20251009
   速度: 198.24KB/s | 数据量: 0.2KB | 总耗时: 0.30s | 阈值: 150KB/s
[2026-04-25 19:22:10] ✅ 通过阈值 HTTP测速: http://39.152.103.17:8089/tsfile/live/1002_1.m3u8
   速度: 636.72KB/s | 数据量: 0.6KB | 总耗时: 0.47s | 阈值: 150KB/s
[2026-04-25 19:22:10] ✅ 通过阈值 HTTP测速: http://107.150.60.122/live/cctv13hd.m3u8
   速度: 204.10KB/s | 数据量: 0.2KB | 总耗时: 0.63s | 阈值: 150KB/s
[2026-04-25 19:22:10] ✅ 通过阈值 HTTP测速: http://222.214.208.34:59901/tsfile/live/0001_1.m3u8
   速度: 418.95KB/s | 数据量: 0.4KB | 总耗时: 0.62s | 阈值: 150KB/s
[2026-04-25 19:22:10] ✅ 通过阈值 HTTP测速: http://107.150.60.122/live/cctv3hd.m3u8
   速度: 205.08KB/s | 数据量: 0.2KB | 总耗时: 0.16s | 阈值: 150KB/s
[2026-04-25 19:22:11] ✅ 通过阈值 HTTP测速: http://23.237.228.134/live3/CCTV12.m3u8
   速度: 1319.34KB/s | 数据量: 1.3KB | 总耗时: 0.20s | 阈值: 150KB/s
[2026-04-25 19:22:11] ✅ 通过阈值 HTTP测速: http://74.91.26.218:82/live/cctv13hd.m3u8
   速度: 196.29KB/s | 数据量: 0.2KB | 总耗时: 0.16s | 阈值: 150KB/s
[2026-04-25 19:22:11] ✅ HTTPS测速成功: https://dxtx.hntv.tv/live/wssj.m3u8?txSecret=c38b4d31ba4c45c6babb5c47132123e3&txTime=7ABB976A&wsSecret=98f698eedbca12ba7869a5b677311d5a&wsTime=1777125569
   速度: 280.27KB/s | 数据量: 0.3KB | 总耗时: 1.08s | 证书: 有效
[2026-04-25 19:22:11] ✅ HTTPS测速成功: https://dxtx.hntv.tv/live/lypd.m3u8?txSecret=10c771842a0be59e8b575d765173ec96&txTime=7B923E0A&wsSecret=9714201ebd1ecfa1f4e69e59dd414ac0&wsTime=1777125569
   速度: 280.27KB/s | 数据量: 0.3KB | 总耗时: 1.08s | 证书: 有效
[2026-04-25 19:22:11] ✅ HTTPS测速成功: https://dxtx.hntv.tv/live/wwbk.m3u8?txSecret=317b89626134fd6bea6e129455b5ff18&txTime=7C4C635C&wsSecret=b03f03589908906bf5d99837eb216ece&wsTime=1777125569
   速度: 280.27KB/s | 数据量: 0.3KB | 总耗时: 1.10s | 证书: 有效
[2026-04-25 19:22:11] ✅ HTTPS测速成功: https://dxtx.hntv.tv/live/jczy.m3u8?txSecret=e785008e49564e5e738439b4dd2ae68e&txTime=7C4C6207&wsSecret=297dc0a54be99ca5d72b68149098da29&wsTime=1777125569
   速度: 283.20KB/s | 数据量: 0.3KB | 总耗时: 1.13s | 证书: 有效
[2026-04-25 19:22:11] ✅ 通过阈值 HTTP测速: http://113.241.133.180:85/tsfile/live/0012_1.m3u8?key=txiptv&playlive=1&authid=0
   速度: 413.09KB/s | 数据量: 0.4KB | 总耗时: 0.54s | 阈值: 150KB/s
[2026-04-25 19:22:11] ✅ 通过阈值 HTTP测速: http://74.91.26.218:82/live/cctv6hd.m3u8
   速度: 190.43KB/s | 数据量: 0.2KB | 总耗时: 0.16s | 阈值: 150KB/s
[2026-04-25 19:22:11] ✅ HTTPS测速成功: https://epg.pw/stream/5d3d047c64e44d0a24dc33e5700e579457201d2960036b43819bd930a0bb76a7.m3u8
   速度: 124.02KB/s | 数据量: 0.1KB | 总耗时: 0.32s | 证书: 有效
[2026-04-25 19:22:11] ✅ 通过阈值 HTTP测速: http://cd-live-stream.news.cctvplus.com/live/smil:CHANNEL1.smil/chunklist_w744036192_b1000000.m3u8
   速度: 273.44KB/s | 数据量: 0.3KB | 总耗时: 0.89s | 阈值: 150KB/s
[2026-04-25 19:22:11] ✅ 通过阈值 HTTP测速: http://107.150.60.122/live/cctv4hd.m3u8
   速度: 205.08KB/s | 数据量: 0.2KB | 总耗时: 0.24s | 阈值: 150KB/s
[2026-04-25 19:22:11] ✅ HTTPS测速成功: https://event.pull.hebtv.com/jishi/cp2.m3u8
   速度: 319.34KB/s | 数据量: 0.3KB | 总耗时: 0.89s | 证书: 有效
[2026-04-25 19:22:11] ✅ HTTPS测速成功: https://event.pull.hebtv.com/jishi/cp1.m3u8
   速度: 319.34KB/s | 数据量: 0.3KB | 总耗时: 0.91s | 证书: 有效
[2026-04-25 19:22:11] ✅ 通过阈值 HTTP测速: http://113.241.133.180:85/tsfile/live/0007_1.m3u8?key=txiptv&playlive=1&authid=0
   速度: 408.20KB/s | 数据量: 0.4KB | 总耗时: 0.54s | 阈值: 150KB/s
[2026-04-25 19:22:11] ✅ 通过阈值 HTTP测速: http://222.214.208.34:59901/tsfile/live/0007_1.m3u8
   速度: 418.95KB/s | 数据量: 0.4KB | 总耗时: 0.56s | 阈值: 150KB/s
[2026-04-25 19:22:11] ✅ 通过阈值 HTTP测速: http://113.241.133.180:85/tsfile/live/0006_1.m3u8?key=txiptv&playlive=1&authid=0
   速度: 408.20KB/s | 数据量: 0.4KB | 总耗时: 0.54s | 阈值: 150KB/s
[2026-04-25 19:22:11] ✅ 通过阈值 HTTP测速: http://74.91.26.218:82/live/cctv5p.m3u8
   速度: 208.01KB/s | 数据量: 0.2KB | 总耗时: 0.16s | 阈值: 150KB/s
[2026-04-25 19:22:11] ✅ 通过阈值 HTTP测速: http://113.241.133.180:85/tsfile/live/0010_1.m3u8?key=txiptv&playlive=1&authid=0
   速度: 413.09KB/s | 数据量: 0.4KB | 总耗时: 0.54s | 阈值: 150KB/s
[2026-04-25 19:22:12] ✅ 通过阈值 HTTP测速: http://113.241.133.180:85/tsfile/live/0002_1.m3u8?key=txiptv&playlive=1&authid=0
   速度: 408.20KB/s | 数据量: 0.4KB | 总耗时: 0.56s | 阈值: 150KB/s
[2026-04-25 19:22:12] ✅ 通过阈值 HTTP测速: http://74.91.26.218:82/live/cctv15hd.m3u8
   速度: 208.01KB/s | 数据量: 0.2KB | 总耗时: 0.16s | 阈值: 150KB/s
[2026-04-25 19:22:12] ✅ 通过阈值 HTTP测速: http://113.241.133.180:85/tsfile/live/0014_1.m3u8?key=txiptv&playlive=1&authid=0
   速度: 413.09KB/s | 数据量: 0.4KB | 总耗时: 0.59s | 阈值: 150KB/s
[2026-04-25 19:22:12] ✅ 通过阈值 HTTP测速: http://113.241.133.180:85/tsfile/live/0016_1.m3u8?key=txiptv&playlive=1&authid=0
   速度: 413.09KB/s | 数据量: 0.4KB | 总耗时: 0.55s | 阈值: 150KB/s
[2026-04-25 19:22:12] ✅ 通过阈值 HTTP测速: http://74.91.26.218:82/live/cctv9hd.m3u8
   速度: 197.27KB/s | 数据量: 0.2KB | 总耗时: 0.16s | 阈值: 150KB/s
[2026-04-25 19:22:12] ✅ 通过阈值 HTTP测速: http://120.211.62.180:8000/hls/17/index.m3u8
   速度: 229.49KB/s | 数据量: 0.2KB | 总耗时: 0.54s | 阈值: 150KB/s
[2026-04-25 19:22:12] ✅ 通过阈值 HTTP测速: http://113.241.133.180:85/tsfile/live/0015_1.m3u8?key=txiptv&playlive=1&authid=0
   速度: 413.09KB/s | 数据量: 0.4KB | 总耗时: 0.55s | 阈值: 150KB/s
[2026-04-25 19:22:12] ✅ 通过阈值 HTTP测速: http://39.152.103.17:8089/tsfile/live/1068_1.m3u8?key=txiptv&playlive=1&down=1
   速度: 636.72KB/s | 数据量: 0.6KB | 总耗时: 0.47s | 阈值: 150KB/s
[2026-04-25 19:22:12] ✅ 通过阈值 HTTP测速: http://107.150.60.122/live/cctv8hd.m3u8
   速度: 205.08KB/s | 数据量: 0.2KB | 总耗时: 0.17s | 阈值: 150KB/s
[2026-04-25 19:22:12] ✅ HTTPS测速成功: https://epg.pw/stream/6d7bf281e3d739806a73f5373acaa6e01988ec9739f5ac1355ce54b47a928472.m3u8
   速度: 124.02KB/s | 数据量: 0.1KB | 总耗时: 0.15s | 证书: 有效
[2026-04-25 19:22:12] ✅ 通过阈值 HTTP测速: http://107.150.60.122/live/cctv2hd.m3u8
   速度: 205.08KB/s | 数据量: 0.2KB | 总耗时: 0.18s | 阈值: 150KB/s
[2026-04-25 19:22:12] ✅ 通过阈值 HTTP测速: http://113.241.133.180:85/tsfile/live/0009_1.m3u8?key=txiptv&playlive=1&authid=0
   速度: 408.20KB/s | 数据量: 0.4KB | 总耗时: 0.53s | 阈值: 150KB/s
[2026-04-25 19:22:12] ✅ HTTPS测速成功: https://iptv.catvod.com/catvod?id=CCTV9&line=7
   速度: 210.94KB/s | 数据量: 0.2KB | 总耗时: 0.32s | 证书: 有效
[2026-04-25 19:22:12] ✅ 通过阈值 HTTP测速: http://113.241.133.180:85/tsfile/live/0008_1.m3u8?key=txiptv&playlive=1&authid=0
   速度: 408.20KB/s | 数据量: 0.4KB | 总耗时: 0.53s | 阈值: 150KB/s
[2026-04-25 19:22:12] ✅ 通过阈值 HTTP测速: http://222.214.208.34:59901/tsfile/live/0002_1.m3u8
   速度: 408.20KB/s | 数据量: 0.4KB | 总耗时: 1.31s | 阈值: 150KB/s
[2026-04-25 19:22:13] ✅ 通过阈值 HTTP测速: http://bp-resource-dfl.bestv.cn/148/3/video.m3u8
   速度: 832.03KB/s | 数据量: 0.8KB | 总耗时: 0.56s | 阈值: 150KB/s
[2026-04-25 19:22:13] ✅ 通过阈值 HTTP测速: http://39.152.103.17:8089/tsfile/live/1044_1.m3u8
   速度: 636.72KB/s | 数据量: 0.6KB | 总耗时: 0.46s | 阈值: 150KB/s
[2026-04-25 19:22:13] ✅ 通过阈值 HTTP测速: http://23.237.228.134/live3/beijing.m3u8
   速度: 1319.34KB/s | 数据量: 1.3KB | 总耗时: 0.21s | 阈值: 150KB/s
[2026-04-25 19:22:13] ✅ HTTPS测速成功: https://bp-resource-dfl.bestv.cn/148/3/video.m3u8
   速度: 832.03KB/s | 数据量: 0.8KB | 总耗时: 0.55s | 证书: 有效
[2026-04-25 19:22:13] ✅ 通过阈值 HTTP测速: http://107.150.60.122/live/cqwshd.m3u8
   速度: 186.52KB/s | 数据量: 0.2KB | 总耗时: 0.19s | 阈值: 150KB/s
[2026-04-25 19:22:13] ✅ 通过阈值 HTTP测速: http://39.152.103.17:8089/tsfile/live/1015_1.m3u8
   速度: 636.72KB/s | 数据量: 0.6KB | 总耗时: 1.00s | 阈值: 150KB/s
[2026-04-25 19:22:13] ✅ 通过阈值 HTTP测速: http://113.241.133.180:85/tsfile/live/0130_1.m3u8?key=txiptv&playlive=1&authid=0
   速度: 417.97KB/s | 数据量: 0.4KB | 总耗时: 0.57s | 阈值: 150KB/s
[2026-04-25 19:22:13] ✅ 通过阈值 HTTP测速: http://113.241.133.180:85/tsfile/live/0122_1.m3u8?key=txiptv&playlive=1&authid=0
   速度: 417.97KB/s | 数据量: 0.4KB | 总耗时: 0.53s | 阈值: 150KB/s
[2026-04-25 19:22:13] ✅ HTTPS测速成功: https://txmov2.a.kwimgs.com/bs3/video-hls/5199687338554291078_hlsb.m3u8
   速度: 71819.91KB/s | 数据量: 106.5KB | 总耗时: 0.40s | 证书: 有效
[2026-04-25 19:22:13] ✅ HTTPS测速成功: https://epg.pw/stream/6aec3ea636542c53729b5c9dd290864ab04d4a69d2b9cb7864a9898779915898.m3u8
   速度: 124.02KB/s | 数据量: 0.1KB | 总耗时: 0.14s | 证书: 有效
[2026-04-25 19:22:13] ✅ 通过阈值 HTTP测速: http://107.150.60.122/live/dnwshd.m3u8
   速度: 188.48KB/s | 数据量: 0.2KB | 总耗时: 0.17s | 阈值: 150KB/s
[2026-04-25 19:22:13] ✅ 通过阈值 HTTP测速: http://113.241.133.180:85/tsfile/live/1020_1.m3u8?key=txiptv&playlive=1&authid=0
   速度: 422.85KB/s | 数据量: 0.4KB | 总耗时: 0.56s | 阈值: 150KB/s
[2026-04-25 19:22:13] ✅ 通过阈值 HTTP测速: http://113.15.109.216:59901/tsfile/live/1009_1.m3u8?key=txiptv&playlive=1&authid=0
   速度: 433.59KB/s | 数据量: 0.4KB | 总耗时: 0.53s | 阈值: 150KB/s
[2026-04-25 19:22:13] ✅ 通过阈值 HTTP测速: http://ali-xwl.cztv.com/live/channel4k2160p.m3u8
   速度: 462.89KB/s | 数据量: 0.5KB | 总耗时: 5.05s | 阈值: 150KB/s
[2026-04-25 19:22:13] ✅ HTTPS测速成功: https://txmov2.a.kwimgs.com/bs3/video-hls/5219953535631090825_hlsb.m3u8
   速度: 1332.55KB/s | 数据量: 165.3KB | 总耗时: 0.47s | 证书: 有效
[2026-04-25 19:22:14] ✅ HTTPS测速成功: https://epg.pw/stream/8770e89223a086eb1b8a0c931e42296d772a8069ad3eb72540e0c434e7cb3e93.m3u8
   速度: 124.02KB/s | 数据量: 0.1KB | 总耗时: 0.14s | 证书: 有效
[2026-04-25 19:22:14] ✅ 通过阈值 HTTP测速: http://221.7.175.154:8445/tsfile/live/1020_1.m3u8?key=txiptv&playlive=1&authid=0
   速度: 433.59KB/s | 数据量: 0.4KB | 总耗时: 0.51s | 阈值: 150KB/s
[2026-04-25 19:22:14] ✅ 通过阈值 HTTP测速: http://bp-resource-dfl.bestv.cn/155/3/video.m3u8
   速度: 831.05KB/s | 数据量: 0.8KB | 总耗时: 1.05s | 阈值: 150KB/s
[2026-04-25 19:22:14] ✅ 通过阈值 HTTP测速: http://221.7.175.154:8445/tsfile/live/1021_1.m3u8?key=txiptv&playlive=1&authid=0
   速度: 433.59KB/s | 数据量: 0.4KB | 总耗时: 0.51s | 阈值: 150KB/s
[2026-04-25 19:22:14] ✅ 通过阈值 HTTP测速: http://107.150.60.122/live/gdwshd.m3u8
   速度: 191.41KB/s | 数据量: 0.2KB | 总耗时: 0.16s | 阈值: 150KB/s
[2026-04-25 19:22:14] ✅ 通过阈值 HTTP测速: http://222.214.208.34:59901/tsfile/live/0125_1.m3u8
   速度: 428.71KB/s | 数据量: 0.4KB | 总耗时: 0.58s | 阈值: 150KB/s
[2026-04-25 19:22:14] ✅ 通过阈值 HTTP测速: http://122.152.202.33/s/81a8a44f/index.m3u8?id=fhhk TVB
   速度: 187.50KB/s | 数据量: 0.2KB | 总耗时: 0.80s | 阈值: 150KB/s
[2026-04-25 19:22:14] ✅ 通过阈值 HTTP测速: http://107.150.60.122/live/gxwshd.m3u8
   速度: 185.55KB/s | 数据量: 0.2KB | 总耗时: 0.16s | 阈值: 150KB/s
[2026-04-25 19:22:14] ✅ 通过阈值 HTTP测速: http://112.27.235.94:8000/hls/30/index.m3u8
   速度: 246.09KB/s | 数据量: 0.2KB | 总耗时: 0.41s | 阈值: 150KB/s
[2026-04-25 19:22:15] ✅ 通过阈值 HTTP测速: http://107.150.60.122/live/hbwshd.m3u8
   速度: 186.52KB/s | 数据量: 0.2KB | 总耗时: 0.17s | 阈值: 150KB/s
[2026-04-25 19:22:15] ✅ 通过阈值 HTTP测速: http://222.214.208.34:59901/tsfile/live/0120_1.m3u8
   速度: 428.71KB/s | 数据量: 0.4KB | 总耗时: 0.58s | 阈值: 150KB/s
[2026-04-25 19:22:15] ✅ 通过阈值 HTTP测速: http://live.zohi.tv/video/s10001-fztv-3/index.m3u8
   速度: 498.05KB/s | 数据量: 0.5KB | 总耗时: 2.06s | 阈值: 150KB/s
[2026-04-25 19:22:15] ✅ HTTPS测速成功: https://p2.bdstatic.com/rtmp.liveshow.lss-user.baidubce.com/live/stream_bduid_6488563992_8982723413/merged_1707497046297_88536_25144_41936.m3u8
   速度: 138.51KB/s | 数据量: 103.6KB | 总耗时: 2.04s | 证书: 有效
[2026-04-25 19:22:15] ✅ HTTPS测速成功: https://epg.pw/stream/c6c1262d0b35e59eac22bf513395f00f8b60cc5eab41f598412cdf8269312f32.m3u8
   速度: 103.52KB/s | 数据量: 0.1KB | 总耗时: 0.15s | 证书: 有效
[2026-04-25 19:22:15] ✅ 通过阈值 HTTP测速: http://36.32.174.67:60080/newlive/live/hls/38/live.m3u8
   速度: 232.42KB/s | 数据量: 0.2KB | 总耗时: 0.92s | 阈值: 150KB/s
[2026-04-25 19:22:15] ✅ HTTPS测速成功: https://hlscdn.liangtv.cn/live/de0f97348eb84f62aa6b7d8cf0430770/dd505d87880c478f901f38560ca4d4e6.m3u8
   速度: 179.69KB/s | 数据量: 0.2KB | 总耗时: 0.62s | 证书: 有效
[2026-04-25 19:22:15] ✅ 通过阈值 HTTP测速: http://tvpull.dxhmt.cn:9081/tv/11425-1.m3u8
   速度: 1972.66KB/s | 数据量: 2.0KB | 总耗时: 0.02s | 阈值: 150KB/s
[2026-04-25 19:22:15] ✅ 通过阈值 HTTP测速: http://107.150.60.122/live/hnwshd.m3u8
   速度: 185.55KB/s | 数据量: 0.2KB | 总耗时: 0.18s | 阈值: 150KB/s
[2026-04-25 19:22:15] ✅ 通过阈值 HTTP测速: http://38.75.136.137:98/gslb/dsdqpub/hnwshd.m3u8?auth=testpub
   速度: 185.55KB/s | 数据量: 0.2KB | 总耗时: 0.21s | 阈值: 150KB/s
[2026-04-25 19:22:16] ✅ 通过阈值 HTTP测速: http://222.214.208.34:59901/tsfile/live/0128_1.m3u8
   速度: 428.71KB/s | 数据量: 0.4KB | 总耗时: 0.55s | 阈值: 150KB/s
[2026-04-25 19:22:16] ✅ HTTPS测速成功: https://liveout.xntv.tv/a65jur/96iln2.m3u8
   速度: 265.62KB/s | 数据量: 0.3KB | 总耗时: 1.24s | 证书: 有效
[2026-04-25 19:22:16] ✅ 通过阈值 HTTP测速: http://39.152.103.17:8089/tsfile/live/1046_1.m3u8
   速度: 636.72KB/s | 数据量: 0.6KB | 总耗时: 0.47s | 阈值: 150KB/s
[2026-04-25 19:22:16] ✅ 通过阈值 HTTP测速: http://23.237.228.134/live3/jiangsu.m3u8
   速度: 1319.34KB/s | 数据量: 1.3KB | 总耗时: 0.20s | 阈值: 150KB/s
[2026-04-25 19:22:16] ✅ 通过阈值 HTTP测速: http://107.150.60.122/live/jswshd.m3u8
   速度: 186.52KB/s | 数据量: 0.2KB | 总耗时: 0.16s | 阈值: 150KB/s
[2026-04-25 19:22:16] ✅ 通过阈值 HTTP测速: http://222.214.208.34:59901/tsfile/live/0127_1.m3u8
   速度: 428.71KB/s | 数据量: 0.4KB | 总耗时: 0.56s | 阈值: 150KB/s
[2026-04-25 19:22:16] ✅ 通过阈值 HTTP测速: http://event.pull.hebtv.com/jishi/weishi_tingyun.m3u8
   速度: 383.79KB/s | 数据量: 0.4KB | 总耗时: 1.44s | 阈值: 150KB/s
[2026-04-25 19:22:16] ✅ 通过阈值 HTTP测速: http://61.184.46.85:85/tsfile/live/1012_1.m3u8?key=txiptv&playlive=1&authid=0
   速度: 422.85KB/s | 数据量: 0.4KB | 总耗时: 0.79s | 阈值: 150KB/s
[2026-04-25 19:22:16] ✅ HTTPS测速成功: https://gcalic.v.myalicdn.com/gc/fhgcdnhs_1/index.m3u8
   速度: 334.96KB/s | 数据量: 0.3KB | 总耗时: 1.59s | 证书: 有效
[2026-04-25 19:22:16] ✅ 通过阈值 HTTP测速: http://113.241.133.180:85/tsfile/live/0138_1.m3u8?key=txiptv&playlive=1&authid=0
   速度: 417.97KB/s | 数据量: 0.4KB | 总耗时: 0.53s | 阈值: 150KB/s
[2026-04-25 19:22:16] ✅ 通过阈值 HTTP测速: http://112.27.235.94:8000/hls/49/index.m3u8
   速度: 246.09KB/s | 数据量: 0.2KB | 总耗时: 0.41s | 阈值: 150KB/s
[2026-04-25 19:22:16] ✅ 通过阈值 HTTP测速: http://107.150.60.122/live/qhws.m3u8
   速度: 188.48KB/s | 数据量: 0.2KB | 总耗时: 0.17s | 阈值: 150KB/s
[2026-04-25 19:22:16] ✅ HTTPS测速成功: https://gcalic.v.myalicdn.com/gc/fhgcdgm_1/index.m3u8
   速度: 324.22KB/s | 数据量: 0.3KB | 总耗时: 1.70s | 证书: 有效
[2026-04-25 19:22:16] 🚫 未达阈值 HTTP测速: http://8.138.7.223/%E3%80%90%E5%85%AC%E4%BC%97%E5%8F%B7%EF%BC%9A%E6%A6%B4%E8%8A%92%E7%94%B5%E8%A7%86%E3%80%91/%E5%86%9C%E6%9E%97%E5%8D%AB%E8%A7%86.m3u8
   速度: 118.16KB/s | 数据量: 0.1KB | 总耗时: 0.50s | 阈值: 150KB/s
[2026-04-25 19:22:16] ✅ 通过阈值 HTTP测速: http://107.150.60.122/live/snwshd.m3u8
   速度: 185.55KB/s | 数据量: 0.2KB | 总耗时: 0.18s | 阈值: 150KB/s
[2026-04-25 19:22:17] ✅ 通过阈值 HTTP测速: http://113.241.133.180:85/tsfile/live/0126_1.m3u8?key=txiptv&playlive=1&authid=0
   速度: 417.97KB/s | 数据量: 0.4KB | 总耗时: 0.54s | 阈值: 150KB/s
[2026-04-25 19:22:17] ✅ 通过阈值 HTTP测速: http://36.32.174.67:60080/newlive/live/hls/49/live.m3u8
   速度: 232.42KB/s | 数据量: 0.2KB | 总耗时: 0.87s | 阈值: 150KB/s
[2026-04-25 19:22:17] ✅ 通过阈值 HTTP测速: http://119.39.9.8:9901/tsfile/live/0118_1.m3u8
   速度: 2037.11KB/s | 数据量: 2.0KB | 总耗时: 0.82s | 阈值: 150KB/s
[2026-04-25 19:22:17] ✅ 通过阈值 HTTP测速: http://222.214.208.34:59901/tsfile/live/0126_1.m3u8
   速度: 428.71KB/s | 数据量: 0.4KB | 总耗时: 0.60s | 阈值: 150KB/s
[2026-04-25 19:22:17] ✅ 通过阈值 HTTP测速: http://36.32.174.67:60080/newlive/live/hls/43/live.m3u8
   速度: 232.42KB/s | 数据量: 0.2KB | 总耗时: 0.90s | 阈值: 150KB/s
[2026-04-25 19:22:17] ✅ 通过阈值 HTTP测速: http://36.32.174.67:60080/newlive/live/hls/44/live.m3u8
   速度: 232.42KB/s | 数据量: 0.2KB | 总耗时: 0.88s | 阈值: 150KB/s
[2026-04-25 19:22:17] ✅ 通过阈值 HTTP测速: http://107.150.60.122/live/xzws.m3u8
   速度: 190.43KB/s | 数据量: 0.2KB | 总耗时: 0.16s | 阈值: 150KB/s
[2026-04-25 19:22:17] ✅ 通过阈值 HTTP测速: http://1.94.31.214/php/hntv.php?id=hnws
   速度: 349.61KB/s | 数据量: 0.3KB | 总耗时: 2.12s | 阈值: 150KB/s
[2026-04-25 19:22:17] ✅ 通过阈值 HTTP测速: http://120.198.95.220:9901/tsfile/live/1048_1.m3u8?key=txiptv
   速度: 647.46KB/s | 数据量: 0.6KB | 总耗时: 0.52s | 阈值: 150KB/s
[2026-04-25 19:22:17] ✅ 通过阈值 HTTP测速: http://14.152.102.71:9901/tsfile/live/0112_1.m3u8?key=txiptv&playlive=1&authid=0
   速度: 417.97KB/s | 数据量: 0.4KB | 总耗时: 1.51s | 阈值: 150KB/s
[2026-04-25 19:22:17] ✅ 通过阈值 HTTP测速: http://218.84.12.186:8001/hls/main/playlist.m3u8?zxinjd;http://218.84.12.186:8001/hls/main/playlist.m3u8zxinjd
   速度: 324.22KB/s | 数据量: 0.3KB | 总耗时: 0.63s | 阈值: 150KB/s
[2026-04-25 19:22:18] 🚫 未达阈值 HTTP测速: http://38.75.136.137:98/gslb/dsdqpub/ynwshd.m3u8?auth=testpub
   速度: 110.35KB/s | 数据量: 0.1KB | 总耗时: 0.21s | 阈值: 150KB/s
[2026-04-25 19:22:18] ✅ 通过阈值 HTTP测速: http://8.218.84.3:8885/live/LxWcScuQ6WphaELY4DhkKm8SIv7_ZgNIJtNvFurqphvyqxUIU84OjKVCwFxMq9iUtqn72bh5ByEeN1pGwfgL_0eCAgaEJFGBPspm-seoyRo7vNb6SdZ-q-JTbv5u4EKBU0W_xo7GSguujxhA00O-vPpCxMEWNUve3PFs8Xp7OldxjjM1_7zOh0YH-Kpa5qF5SEkniznfLh8Uhg4YvtJjIiQYyf7_plHuOfYMhgX5NFRK07U-gLPTMJm0jcnTHJbIzTk14kWTmc--Kp5qNJmNtg.m3u8?u=1756878715
   速度: 1007.81KB/s | 数据量: 1.0KB | 总耗时: 0.73s | 阈值: 150KB/s
[2026-04-25 19:22:18] ✅ 通过阈值 HTTP测速: http://120.198.95.220:9901/tsfile/live/1007_1.m3u8?key=txiptv
   速度: 658.20KB/s | 数据量: 0.7KB | 总耗时: 0.56s | 阈值: 150KB/s
[2026-04-25 19:22:18] ✅ 通过阈值 HTTP测速: http://36.32.174.67:60080/newlive/live/hls/47/live.m3u8
   速度: 232.42KB/s | 数据量: 0.2KB | 总耗时: 0.96s | 阈值: 150KB/s
[2026-04-25 19:22:18] ✅ 通过阈值 HTTP测速: http://112.27.235.94:8000/hls/40/index.m3u8
   速度: 246.09KB/s | 数据量: 0.2KB | 总耗时: 0.40s | 阈值: 150KB/s
[2026-04-25 19:22:18] ✅ 通过阈值 HTTP测速: http://36.32.174.67:60080/newlive/live/hls/48/live.m3u8
   速度: 232.42KB/s | 数据量: 0.2KB | 总耗时: 0.91s | 阈值: 150KB/s
[2026-04-25 19:22:18] ✅ HTTPS测速成功: https://turnerlive.warnermediacdn.com/hls/live/586495/cnngo/cnn_slate/VIDEO_4_1064000.m3u8
   速度: 28233.40KB/s | 数据量: 28.2KB | 总耗时: 0.05s | 证书: 有效
[2026-04-25 19:22:18] ✅ HTTPS测速成功: https://stream1.freetv.fun/4e695e885cc20b20b7e3ec874fe52ed75e27443778c8ff29e498c4c9d7cec4a0.m3u8
   速度: 124.02KB/s | 数据量: 0.1KB | 总耗时: 0.04s | 证书: 有效
[2026-04-25 19:22:18] ✅ 通过阈值 HTTP测速: http://113.241.133.180:85/tsfile/live/0124_1.m3u8?key=txiptv&playlive=1&authid=0
   速度: 417.97KB/s | 数据量: 0.4KB | 总耗时: 0.55s | 阈值: 150KB/s
[2026-04-25 19:22:19] 🚫 未达阈值 HTTP测速: http://61.216.67.119:1935/bltvhd/bltv1/chunklist_w1266569526.m3u8
   速度: 3.25KB/s | 数据量: 0.6KB | 总耗时: 0.56s | 阈值: 150KB/s
[2026-04-25 19:22:19] ✅ 通过阈值 HTTP测速: http://120.211.62.180:8000/hls/39/index.m3u8
   速度: 229.49KB/s | 数据量: 0.2KB | 总耗时: 1.19s | 阈值: 150KB/s
[2026-04-25 19:22:19] ✅ HTTPS测速成功: https://d2e1asnsl7br7b.cloudfront.net/7782e205e72f43aeb4a48ec97f66ebbe/index_4.m3u8
   速度: 546.88KB/s | 数据量: 0.5KB | 总耗时: 0.04s | 证书: 有效
[2026-04-25 19:22:19] ✅ 通过阈值 HTTP测速: http://d2e1asnsl7br7b.cloudfront.net/7782e205e72f43aeb4a48ec97f66ebbe/index_4.m3u8
   速度: 546.88KB/s | 数据量: 0.5KB | 总耗时: 0.34s | 阈值: 150KB/s
[2026-04-25 19:22:19] ✅ HTTPS测速成功: https://play-qukan.cztv.com/live/1746687519046362.m3u8
   速度: 479.49KB/s | 数据量: 0.5KB | 总耗时: 0.81s | 证书: 有效
[2026-04-25 19:22:19] ✅ HTTPS测速成功: https://stream1.freetv.fun/678d877ac436471c003e6f566eaa81b022de75dca45be60e1660efbf223765ca.m3u8
   速度: 124.02KB/s | 数据量: 0.1KB | 总耗时: 0.06s | 证书: 有效
[2026-04-25 19:22:19] ✅ HTTPS测速成功: https://d2e1asnsl7br7b.cloudfront.net/7782e205e72f43aeb4a48ec97f66ebbe/index_5.m3u8
   速度: 546.88KB/s | 数据量: 0.5KB | 总耗时: 0.07s | 证书: 有效
[2026-04-25 19:22:19] ✅ 通过阈值 HTTP测速: http://d2e1asnsl7br7b.cloudfront.net/7782e205e72f43aeb4a48ec97f66ebbe/index_5.m3u8
   速度: 546.88KB/s | 数据量: 0.5KB | 总耗时: 0.24s | 阈值: 150KB/s
[2026-04-25 19:22:19] ✅ 通过阈值 HTTP测速: http://61.221.215.25:8800/hls/47/index.m3u8
   速度: 251.95KB/s | 数据量: 0.3KB | 总耗时: 0.39s | 阈值: 150KB/s
[2026-04-25 19:22:19] ✅ HTTPS测速成功: https://txmov2.a.kwimgs.com/upic/2023/01/26/09/BMjAyMzAxMjYwOTE3NDVfNzM5MzQzNzIyXzk0NjI1OTUwNTA3XzBfMw==_b_B81ddda927d33445d544befd008e60109.mp4
   速度: 65420.06KB/s | 数据量: 328704.0KB | 总耗时: 5.23s | 证书: 有效
[2026-04-25 19:22:20] ✅ HTTPS测速成功: https://test1.live.sdetv.com.cn/live/dianshizhibo/playlist.m3u8
   速度: 207.03KB/s | 数据量: 0.2KB | 总耗时: 1.46s | 证书: 有效
[2026-04-25 19:22:20] 🚫 未达阈值 HTTP测速: http://222.128.55.152:9080/live/ts.m3u8
   速度: 0.34KB/s | 数据量: 0.1KB | 总耗时: 0.76s | 阈值: 150KB/s
[2026-04-25 19:22:20] ✅ 通过阈值 HTTP测速: http://61.221.215.25:8800/hls/41/index.m3u8
   速度: 250.98KB/s | 数据量: 0.3KB | 总耗时: 0.40s | 阈值: 150KB/s
[2026-04-25 19:22:20] ✅ HTTPS测速成功: https://5ddce30eb4b55.streamlock.net/bltvhd/bltv1/chunklist_w511254805.m3u8
   速度: 586.91KB/s | 数据量: 0.6KB | 总耗时: 0.83s | 证书: 有效
[2026-04-25 19:22:20] ✅ HTTPS测速成功: https://srs.iyb983.cn:443/video/CYS/index.m3u8
   速度: 513.67KB/s | 数据量: 0.5KB | 总耗时: 1.07s | 证书: 有效
[2026-04-25 19:22:20] ✅ HTTPS测速成功: https://srs.iyb983.cn/video/CYS/index.m3u8
   速度: 513.67KB/s | 数据量: 0.5KB | 总耗时: 1.08s | 证书: 有效
[2026-04-25 19:22:20] 🚫 未达阈值 HTTP测速: http://61.216.67.119:1935/lifetv/lifetv.stream/manifest.m3u8
   速度: 0.74KB/s | 数据量: 0.1KB | 总耗时: 0.56s | 阈值: 150KB/s
[2026-04-25 19:22:20] ✅ 通过阈值 HTTP测速: http://lb.streaming.sk/fashiontv/stream/chunklist_w1906011378.m3u8
   速度: 232.42KB/s | 数据量: 0.2KB | 总耗时: 0.35s | 阈值: 150KB/s
[2026-04-25 19:22:20] ✅ 通过阈值 HTTP测速: http://38.75.136.137:98/gslb/dsdqpub/chcdz.m3u8?auth=testpub
   速度: 198.24KB/s | 数据量: 0.2KB | 总耗时: 0.78s | 阈值: 150KB/s
[2026-04-25 19:22:20] 🚫 未达阈值 HTTP测速: http://222.128.55.152:9080/live/hy.m3u8
   速度: 0.35KB/s | 数据量: 0.1KB | 总耗时: 0.74s | 阈值: 150KB/s
[2026-04-25 19:22:20] ✅ HTTPS测速成功: https://video.bread-tv.com:8091/hls-live24/online/index.m3u8
   速度: 145.51KB/s | 数据量: 0.1KB | 总耗时: 0.85s | 证书: 有效
[2026-04-25 19:22:21] ✅ HTTPS测速成功: https://i.mjh.nz/SamsungTVPlus/GBBD1100012JB.m3u8
   速度: 142.58KB/s | 数据量: 0.1KB | 总耗时: 0.46s | 证书: 有效
[2026-04-25 19:22:21] ✅ HTTPS测速成功: https://v3.mediacast.hk/webcast/bshdlive-pc/playlist.m3u8
   速度: 146.48KB/s | 数据量: 0.1KB | 总耗时: 1.31s | 证书: 有效
[2026-04-25 19:22:22] ✅ HTTPS测速成功: https://gcalic.v.myalicdn.com/gc/hlzycc_1/index.m3u8
   速度: 325.20KB/s | 数据量: 0.3KB | 总耗时: 1.65s | 证书: 有效
[2026-04-25 19:22:27] ✅ 通过阈值 HTTP测速: http://104.250.145.76/livehttpplay?channel_id=23356
   速度: 246.54KB/s | 数据量: 2048.0KB | 总耗时: 8.60s | 阈值: 150KB/s
